<?xml version="1.0" encoding="UTF-8"?>
<!-- Generated by org.testng.reporters.JUnitReportReporter -->
<testsuite hostname="ubuntu" failures="0" tests="1" name="com.seleniumframework.test.TestPOM" time="23.616" errors="0" timestamp="2021-04-18T19:52:49 CEST" skipped="0">
  <testcase classname="com.seleniumframework.test.TestPOM" name="fillAndSubmitForm" time="23.616"/>
  <system-out>
Screenshot taken, all OK!  </system-out>
</testsuite> <!-- com.seleniumframework.test.TestPOM -->
