<?xml version="1.0" encoding="UTF-8"?>
<!-- Generated by org.testng.reporters.JUnitReportReporter -->
<testsuite hostname="ubuntu" failures="0" tests="1" name="com.seleniumframework.test.TestPractice" time="13.824" errors="0" timestamp="2021-04-12T19:59:57 CEST" skipped="0">
  <testcase classname="com.seleniumframework.test.TestPractice" name="fillAndSubmitForm" time="13.824"/>
  <system-out/>
</testsuite> <!-- com.seleniumframework.test.TestPractice -->
