<?xml version="1.0" encoding="UTF-8"?>
<!-- Generated by org.testng.reporters.JUnitReportReporter -->
<testsuite hostname="ubuntu" failures="0" tests="5" name="com.seleniumframework.test.TestElements" time="9.578" errors="0" timestamp="2021-04-18T19:54:21 CEST" skipped="0">
  <testcase classname="com.seleniumframework.test.TestElements" name="newWindowTest" time="2.886"/>
  <system-out>
Additional information is saved  </system-out>
  <testcase classname="com.seleniumframework.test.TestElements" name="newMessageTest" time="3.427"/>
  <system-out>
New message window log  </system-out>
  <testcase classname="com.seleniumframework.test.TestElements" name="alertButtonTest" time="0.287"/>
  <system-out/>
  <testcase classname="com.seleniumframework.test.TestElements" name="dragNdropTest" time="0.672"/>
  <system-out/>
  <testcase classname="com.seleniumframework.test.TestElements" name="siteStats" time="2.306"/>
  <system-out/>
</testsuite> <!-- com.seleniumframework.test.TestElements -->
