<?xml version="1.0" encoding="UTF-8"?>
<!-- Generated by org.testng.reporters.JUnitReportReporter -->
<testsuite hostname="ubuntu" failures="0" tests="1" name="com.unitedcloud.test.TestProfile" time="5.816" errors="0" timestamp="2021-07-04T20:52:39 CEST" skipped="0">
  <testcase classname="com.unitedcloud.test.TestProfile" name="testProfileCreation" time="5.816"/>
  <system-out>
Test passed, all OK!  </system-out>
</testsuite> <!-- com.unitedcloud.test.TestProfile -->
