<?xml version="1.0" encoding="UTF-8"?>
<!-- Generated by org.testng.reporters.JUnitReportReporter -->
<testsuite hostname="ubuntu" failures="0" tests="1" name="com.polovniautomobili.test.TestUsedCars" time="21.240" errors="0" timestamp="2021-04-05T19:01:03 CEST" skipped="0">
  <testcase classname="com.polovniautomobili.test.TestUsedCars" name="testUsedCars" time="21.240"/>
  <system-out/>
</testsuite> <!-- com.polovniautomobili.test.TestUsedCars -->
