<?xml version="1.0" encoding="UTF-8"?>
<!-- Generated by org.testng.reporters.JUnitReportReporter -->
<testsuite hostname="ubuntu" failures="0" tests="1" name="com.polovniautomobili.test.TestUsedCars" time="25.380" errors="0" timestamp="2021-04-05T19:49:39 CEST" skipped="0">
  <testcase classname="com.polovniautomobili.test.TestUsedCars" name="testUsedCars" time="25.380"/>
  <system-out/>
</testsuite> <!-- com.polovniautomobili.test.TestUsedCars -->
